2025-04-21T15:11:07.373Z [31merror[39m: Error in getModelConfidence: Cannot read properties of undefined (reading 'query')
Metadata: {
  "stack": "TypeError: Cannot read properties of undefined (reading 'query')\n    at exports.getModelConfidence (C:\\Users\\vc\\Desktop\\backend\\controllers\\analyticsController.js:385:49)\n    at Layer.handle [as handle_request] (C:\\Users\\vc\\Desktop\\backend\\node_modules\\express\\lib\\router\\layer.js:95:5)\n    at next (C:\\Users\\vc\\Desktop\\backend\\node_modules\\express\\lib\\router\\route.js:149:13)\n    at C:\\Users\\vc\\Desktop\\backend\\middleware\\auth.js:115:5\n    at Layer.handle [as handle_request] (C:\\Users\\vc\\Desktop\\backend\\node_modules\\express\\lib\\router\\layer.js:95:5)\n    at next (C:\\Users\\vc\\Desktop\\backend\\node_modules\\express\\lib\\router\\route.js:149:13)\n    at Route.dispatch (C:\\Users\\vc\\Desktop\\backend\\node_modules\\express\\lib\\router\\route.js:119:3)\n    at Layer.handle [as handle_request] (C:\\Users\\vc\\Desktop\\backend\\node_modules\\express\\lib\\router\\layer.js:95:5)\n    at C:\\Users\\vc\\Desktop\\backend\\node_modules\\express\\lib\\router\\index.js:284:15\n    at Function.process_params (C:\\Users\\vc\\Desktop\\backend\\node_modules\\express\\lib\\router\\index.js:346:12)\n    at next (C:\\Users\\vc\\Desktop\\backend\\node_modules\\express\\lib\\router\\index.js:280:10)\n    at exports.protect (C:\\Users\\vc\\Desktop\\backend\\middleware\\auth.js:80:7)\n    at process.processTicksAndRejections (node:internal/process/task_queues:105:5)"
}
2025-04-21T15:11:07.439Z [31merror[39m: Error in getTreatmentEffectiveness: Cannot read properties of undefined (reading 'fn')
Metadata: {
  "stack": "TypeError: Cannot read properties of undefined (reading 'fn')\n    at exports.getTreatmentEffectiveness (C:\\Users\\vc\\Desktop\\backend\\controllers\\analyticsController.js:108:34)\n    at Layer.handle [as handle_request] (C:\\Users\\vc\\Desktop\\backend\\node_modules\\express\\lib\\router\\layer.js:95:5)\n    at next (C:\\Users\\vc\\Desktop\\backend\\node_modules\\express\\lib\\router\\route.js:149:13)\n    at C:\\Users\\vc\\Desktop\\backend\\middleware\\auth.js:115:5\n    at Layer.handle [as handle_request] (C:\\Users\\vc\\Desktop\\backend\\node_modules\\express\\lib\\router\\layer.js:95:5)\n    at next (C:\\Users\\vc\\Desktop\\backend\\node_modules\\express\\lib\\router\\route.js:149:13)\n    at Route.dispatch (C:\\Users\\vc\\Desktop\\backend\\node_modules\\express\\lib\\router\\route.js:119:3)\n    at Layer.handle [as handle_request] (C:\\Users\\vc\\Desktop\\backend\\node_modules\\express\\lib\\router\\layer.js:95:5)\n    at C:\\Users\\vc\\Desktop\\backend\\node_modules\\express\\lib\\router\\index.js:284:15\n    at Function.process_params (C:\\Users\\vc\\Desktop\\backend\\node_modules\\express\\lib\\router\\index.js:346:12)\n    at next (C:\\Users\\vc\\Desktop\\backend\\node_modules\\express\\lib\\router\\index.js:280:10)\n    at exports.protect (C:\\Users\\vc\\Desktop\\backend\\middleware\\auth.js:80:7)\n    at process.processTicksAndRejections (node:internal/process/task_queues:105:5)"
}
2025-04-21T15:11:07.469Z [31merror[39m: Error in getGeographicalDistribution: Cannot read properties of undefined (reading 'fn')
Metadata: {
  "stack": "TypeError: Cannot read properties of undefined (reading 'fn')\n    at exports.getGeographicalDistribution (C:\\Users\\vc\\Desktop\\backend\\controllers\\analyticsController.js:49:34)\n    at Layer.handle [as handle_request] (C:\\Users\\vc\\Desktop\\backend\\node_modules\\express\\lib\\router\\layer.js:95:5)\n    at next (C:\\Users\\vc\\Desktop\\backend\\node_modules\\express\\lib\\router\\route.js:149:13)\n    at C:\\Users\\vc\\Desktop\\backend\\middleware\\auth.js:115:5\n    at Layer.handle [as handle_request] (C:\\Users\\vc\\Desktop\\backend\\node_modules\\express\\lib\\router\\layer.js:95:5)\n    at next (C:\\Users\\vc\\Desktop\\backend\\node_modules\\express\\lib\\router\\route.js:149:13)\n    at Route.dispatch (C:\\Users\\vc\\Desktop\\backend\\node_modules\\express\\lib\\router\\route.js:119:3)\n    at Layer.handle [as handle_request] (C:\\Users\\vc\\Desktop\\backend\\node_modules\\express\\lib\\router\\layer.js:95:5)\n    at C:\\Users\\vc\\Desktop\\backend\\node_modules\\express\\lib\\router\\index.js:284:15\n    at Function.process_params (C:\\Users\\vc\\Desktop\\backend\\node_modules\\express\\lib\\router\\index.js:346:12)\n    at next (C:\\Users\\vc\\Desktop\\backend\\node_modules\\express\\lib\\router\\index.js:280:10)\n    at exports.protect (C:\\Users\\vc\\Desktop\\backend\\middleware\\auth.js:80:7)\n    at process.processTicksAndRejections (node:internal/process/task_queues:105:5)"
}
2025-04-21T15:11:07.492Z [31merror[39m: Error in getAgeDistribution: Cannot read properties of undefined (reading 'literal')
Metadata: {
  "stack": "TypeError: Cannot read properties of undefined (reading 'literal')\n    at exports.getAgeDistribution (C:\\Users\\vc\\Desktop\\backend\\controllers\\analyticsController.js:14:34)\n    at Layer.handle [as handle_request] (C:\\Users\\vc\\Desktop\\backend\\node_modules\\express\\lib\\router\\layer.js:95:5)\n    at next (C:\\Users\\vc\\Desktop\\backend\\node_modules\\express\\lib\\router\\route.js:149:13)\n    at C:\\Users\\vc\\Desktop\\backend\\middleware\\auth.js:115:5\n    at Layer.handle [as handle_request] (C:\\Users\\vc\\Desktop\\backend\\node_modules\\express\\lib\\router\\layer.js:95:5)\n    at next (C:\\Users\\vc\\Desktop\\backend\\node_modules\\express\\lib\\router\\route.js:149:13)\n    at Route.dispatch (C:\\Users\\vc\\Desktop\\backend\\node_modules\\express\\lib\\router\\route.js:119:3)\n    at Layer.handle [as handle_request] (C:\\Users\\vc\\Desktop\\backend\\node_modules\\express\\lib\\router\\layer.js:95:5)\n    at C:\\Users\\vc\\Desktop\\backend\\node_modules\\express\\lib\\router\\index.js:284:15\n    at Function.process_params (C:\\Users\\vc\\Desktop\\backend\\node_modules\\express\\lib\\router\\index.js:346:12)\n    at next (C:\\Users\\vc\\Desktop\\backend\\node_modules\\express\\lib\\router\\index.js:280:10)\n    at exports.protect (C:\\Users\\vc\\Desktop\\backend\\middleware\\auth.js:80:7)\n    at process.processTicksAndRejections (node:internal/process/task_queues:105:5)"
}
2025-04-21T15:24:13.087Z [31merror[39m: Error in getDiagnosisHistory: Diagnosis.findAll is not a function
Metadata: {
  "stack": "TypeError: Diagnosis.findAll is not a function\n    at exports.getDiagnosisHistory (C:\\Users\\vc\\Desktop\\backend\\controllers\\analyticsController.js:422:43)\n    at Layer.handle [as handle_request] (C:\\Users\\vc\\Desktop\\backend\\node_modules\\express\\lib\\router\\layer.js:95:5)\n    at next (C:\\Users\\vc\\Desktop\\backend\\node_modules\\express\\lib\\router\\route.js:149:13)\n    at C:\\Users\\vc\\Desktop\\backend\\middleware\\auth.js:115:5\n    at Layer.handle [as handle_request] (C:\\Users\\vc\\Desktop\\backend\\node_modules\\express\\lib\\router\\layer.js:95:5)\n    at next (C:\\Users\\vc\\Desktop\\backend\\node_modules\\express\\lib\\router\\route.js:149:13)\n    at Route.dispatch (C:\\Users\\vc\\Desktop\\backend\\node_modules\\express\\lib\\router\\route.js:119:3)\n    at Layer.handle [as handle_request] (C:\\Users\\vc\\Desktop\\backend\\node_modules\\express\\lib\\router\\layer.js:95:5)\n    at C:\\Users\\vc\\Desktop\\backend\\node_modules\\express\\lib\\router\\index.js:284:15\n    at Function.process_params (C:\\Users\\vc\\Desktop\\backend\\node_modules\\express\\lib\\router\\index.js:346:12)\n    at next (C:\\Users\\vc\\Desktop\\backend\\node_modules\\express\\lib\\router\\index.js:280:10)\n    at exports.protect (C:\\Users\\vc\\Desktop\\backend\\middleware\\auth.js:80:7)\n    at process.processTicksAndRejections (node:internal/process/task_queues:105:5)"
}
2025-04-21T15:54:32.439Z [31merror[39m: Error in getDiagnosisHistory: Analytics is not defined
Metadata: {
  "stack": "ReferenceError: Analytics is not defined\n    at exports.getDiagnosisHistory (C:\\Users\\vc\\Desktop\\backend\\controllers\\analyticsController.js:444:27)\n    at process.processTicksAndRejections (node:internal/process/task_queues:105:5)"
}
2025-04-21T15:54:37.752Z [31merror[39m: Error in getDiagnosisHistory: Analytics is not defined
Metadata: {
  "stack": "ReferenceError: Analytics is not defined\n    at exports.getDiagnosisHistory (C:\\Users\\vc\\Desktop\\backend\\controllers\\analyticsController.js:444:27)\n    at process.processTicksAndRejections (node:internal/process/task_queues:105:5)"
}
2025-04-23T16:34:21.955Z [31merror[39m: Error getting messages: User is not defined
Metadata: {
  "stack": "ReferenceError: User is not defined\n    at getUserFromCache (C:\\Users\\vc\\Desktop\\backend\\controllers\\messageController.js:18:16)\n    at C:\\Users\\vc\\Desktop\\backend\\controllers\\messageController.js:166:36\n    at Array.map (<anonymous>)\n    at getMessages (C:\\Users\\vc\\Desktop\\backend\\controllers\\messageController.js:165:66)\n    at process.processTicksAndRejections (node:internal/process/task_queues:105:5)"
}
2025-04-24T21:05:57.321Z [31merror[39m: Error getting messages: Operation timeout
Metadata: {
  "name": "SequelizeConnectionAcquireTimeoutError",
  "parent": {},
  "original": {},
  "stack": "SequelizeConnectionAcquireTimeoutError: Operation timeout\n    at ConnectionManager.getConnection (C:\\Users\\vc\\Desktop\\backend\\node_modules\\sequelize\\lib\\dialects\\abstract\\connection-manager.js:206:15)\n    at runNextTicks (node:internal/process/task_queues:65:5)\n    at listOnTimeout (node:internal/timers:555:9)\n    at process.processTimers (node:internal/timers:529:7)\n    at async C:\\Users\\vc\\Desktop\\backend\\node_modules\\sequelize\\lib\\sequelize.js:305:26\n    at async MySQLQueryInterface.select (C:\\Users\\vc\\Desktop\\backend\\node_modules\\sequelize\\lib\\dialects\\abstract\\query-interface.js:407:12)\n    at async users.findAll (C:\\Users\\vc\\Desktop\\backend\\node_modules\\sequelize\\lib\\model.js:1140:21)\n    at async users.findOne (C:\\Users\\vc\\Desktop\\backend\\node_modules\\sequelize\\lib\\model.js:1240:12)\n    at async users.findByPk (C:\\Users\\vc\\Desktop\\backend\\node_modules\\sequelize\\lib\\model.js:1221:12)\n    at async getUserFromCache (C:\\Users\\vc\\Desktop\\backend\\controllers\\messageController.js:20:16)\n    at async C:\\Users\\vc\\Desktop\\backend\\controllers\\messageController.js:170:30\n    at async Promise.all (index 15)\n    at async getMessages (C:\\Users\\vc\\Desktop\\backend\\controllers\\messageController.js:169:39)"
}
2025-04-25T14:20:11.866Z [31merror[39m: Error in getSurveyAnalytics: Survey is not defined
Metadata: {
  "stack": "ReferenceError: Survey is not defined\n    at exports.getSurveyAnalytics (C:\\Users\\vc\\Desktop\\backend\\controllers\\analyticsController.js:169:24)\n    at Layer.handle [as handle_request] (C:\\Users\\vc\\Desktop\\backend\\node_modules\\express\\lib\\router\\layer.js:95:5)\n    at next (C:\\Users\\vc\\Desktop\\backend\\node_modules\\express\\lib\\router\\route.js:149:13)\n    at C:\\Users\\vc\\Desktop\\backend\\middleware\\auth.js:115:5\n    at Layer.handle [as handle_request] (C:\\Users\\vc\\Desktop\\backend\\node_modules\\express\\lib\\router\\layer.js:95:5)\n    at next (C:\\Users\\vc\\Desktop\\backend\\node_modules\\express\\lib\\router\\route.js:149:13)\n    at Route.dispatch (C:\\Users\\vc\\Desktop\\backend\\node_modules\\express\\lib\\router\\route.js:119:3)\n    at Layer.handle [as handle_request] (C:\\Users\\vc\\Desktop\\backend\\node_modules\\express\\lib\\router\\layer.js:95:5)\n    at C:\\Users\\vc\\Desktop\\backend\\node_modules\\express\\lib\\router\\index.js:284:15\n    at Function.process_params (C:\\Users\\vc\\Desktop\\backend\\node_modules\\express\\lib\\router\\index.js:346:12)\n    at next (C:\\Users\\vc\\Desktop\\backend\\node_modules\\express\\lib\\router\\index.js:280:10)\n    at exports.protect (C:\\Users\\vc\\Desktop\\backend\\middleware\\auth.js:80:7)\n    at process.processTicksAndRejections (node:internal/process/task_queues:105:5)"
}
